<?xml version="1.0" encoding="UTF-8"?>
<!-- Generated by org.testng.reporters.JUnitXMLReporter -->
<testsuite ignored="0" hostname="DESKTOP-1FRT0U6" failures="0" tests="8" name="Surefire test" time="79.78" errors="0" timestamp="2025-09-03T23:35:57 IST">
  <testcase classname="tests.CartTest" name="testAddProductToCart" time="9.348"/>
  <testcase classname="tests.LoginTest" name="testLoginWithBlankCredentials" time="1.744"/>
  <testcase classname="tests.LoginTest" name="testLoginWithWrongPassword" time="2.953"/>
  <testcase classname="tests.LoginTest" name="testLoginWithCorrectCredentials" time="3.943"/>
  <testcase classname="tests.LogoutTest" name="testSuccessfulLogout" time="7.17"/>
  <testcase classname="tests.PurchaseTest" name="testSuccessfulPurchase" time="12.475"/>
  <testcase classname="tests.RegistrationTest" name="testRegistrationWithUniqueUser" time="2.909"/>
  <testcase classname="tests.RegistrationTest" name="testRegistrationWithExistingUser" time="2.887"/>
</testsuite> <!-- Surefire test -->
