<?xml version="1.0" encoding="UTF-8"?>
<!-- Generated by org.testng.reporters.JUnitXMLReporter -->
<testsuite ignored="0" hostname="DESKTOP-1FRT0U6" failures="0" tests="16" name="Test" time="171.675" errors="0" timestamp="2025-09-08T09:44:44 IST">
  <testcase classname="tests.RegistrationTest" name="testRegistrationWithUniqueUser" time="2.479"/>
  <testcase classname="tests.RegistrationTest" name="testRegistrationWithExistingUser" time="2.311"/>
  <testcase classname="tests.LoginTest" name="testLoginWithBlankCredentials" time="1.266"/>
  <testcase classname="tests.LoginTest" name="testLoginWithWrongPassword" time="2.329"/>
  <testcase classname="tests.LoginTest" name="testLoginWithCorrectCredentials" time="3.306"/>
  <testcase classname="tests.ProductCategoryTest" name="testPhonesCategory" time="2.244"/>
  <testcase classname="tests.ProductCategoryTest" name="testLaptopsCategory" time="2.268"/>
  <testcase classname="tests.ProductCategoryTest" name="testMonitorsCategory" time="2.205"/>
  <testcase classname="tests.ContactFormTest" name="testContactFormWithValidData" time="1.064"/>
  <testcase classname="tests.ContactFormTest" name="testContactFormWithEmptyFields" time="1.07"/>
  <testcase classname="tests.ContactFormTest" name="testContactFormWithLongMessage" time="1.765"/>
  <testcase classname="tests.CartTest" name="testAddProductToCart" time="4.103"/>
  <testcase classname="tests.CartTest" name="testAddSameProductTwice" time="6.268"/>
  <testcase classname="tests.CartTest" name="testRemoveItemFromCart" time="7.943"/>
  <testcase classname="tests.PurchaseTest" name="testSuccessfulPurchase" time="8.946"/>
  <testcase classname="tests.LogoutTest" name="testSuccessfulLogout" time="6.092"/>
</testsuite> <!-- Test -->
