<?xml version="1.0" encoding="UTF-8"?>
<testsuite xmlns:xsi="http://www.w3.org/2001/XMLSchema-instance" xsi:noNamespaceSchemaLocation="https://maven.apache.org/surefire/maven-surefire-plugin/xsd/surefire-test-report-3.0.xsd" version="3.0" name="TestSuite" time="81.008" tests="8" errors="0" skipped="0" failures="0">
  <properties>
[...]
</properties>
  <testcase name="testAddProductToCart" classname="tests.CartTest" time="9.348">
    <system-err><![CDATA[SLF4J(W): No SLF4J providers were found.
SLF4J(W): Defaulting to no-operation (NOP) logger implementation
SLF4J(W): See https://www.slf4j.org/codes.html#noProviders for further details.
]]></system-err>
  </testcase>
  <testcase name="testLoginWithBlankCredentials" classname="tests.LoginTest" time="1.743"/>
  <testcase name="testLoginWithWrongPassword" classname="tests.LoginTest" time="2.952"/>
  <testcase name="testLoginWithCorrectCredentials" classname="tests.LoginTest" time="3.94"/>
  <testcase name="testSuccessfulLogout" classname="tests.LogoutTest" time="7.168"/>
  <testcase name="testSuccessfulPurchase" classname="tests.PurchaseTest" time="12.476"/>
  <testcase name="testRegistrationWithUniqueUser" classname="tests.RegistrationTest" time="2.909"/>
  <testcase name="testRegistrationWithExistingUser" classname="tests.RegistrationTest" time="2.889"/>
</testsuite>