<?xml version="1.0" encoding="UTF-8"?>
<testng-results ignored="0" total="8" passed="8" failed="0" skipped="0">
  <reporter-output>
  </reporter-output>
  <suite started-at="2025-09-03T23:34:37 IST" name="Surefire suite" finished-at="2025-09-03T23:35:57 IST" duration-ms="79780">
    <groups>
    </groups>
    <test started-at="2025-09-03T23:34:37 IST" name="Surefire test" finished-at="2025-09-03T23:35:57 IST" duration-ms="79780">
      <class name="tests.LoginTest">
        <test-method is-config="true" signature="setUp()[pri:0, instance:tests.LoginTest@6a192cfe]" started-at="2025-09-03T23:34:59 IST" name="setUp" finished-at="2025-09-03T23:35:02 IST" duration-ms="3368" status="PASS">
          <reporter-output>
          </reporter-output>
        </test-method> <!-- setUp -->
        <test-method signature="testLoginWithBlankCredentials()[pri:1, instance:tests.LoginTest@6a192cfe]" started-at="2025-09-03T23:35:02 IST" name="testLoginWithBlankCredentials" finished-at="2025-09-03T23:35:04 IST" duration-ms="1744" status="PASS">
          <reporter-output>
          </reporter-output>
        </test-method> <!-- testLoginWithBlankCredentials -->
        <test-method is-config="true" signature="tearDown()[pri:0, instance:tests.LoginTest@6a192cfe]" started-at="2025-09-03T23:35:04 IST" name="tearDown" finished-at="2025-09-03T23:35:05 IST" duration-ms="473" status="PASS">
          <reporter-output>
          </reporter-output>
        </test-method> <!-- tearDown -->
        <test-method is-config="true" signature="setUp()[pri:0, instance:tests.LoginTest@6a192cfe]" started-at="2025-09-03T23:35:05 IST" name="setUp" finished-at="2025-09-03T23:35:07 IST" duration-ms="2397" status="PASS">
          <reporter-output>
          </reporter-output>
        </test-method> <!-- setUp -->
        <test-method signature="testLoginWithWrongPassword()[pri:2, instance:tests.LoginTest@6a192cfe]" started-at="2025-09-03T23:35:07 IST" name="testLoginWithWrongPassword" finished-at="2025-09-03T23:35:10 IST" duration-ms="2953" status="PASS">
          <reporter-output>
          </reporter-output>
        </test-method> <!-- testLoginWithWrongPassword -->
        <test-method is-config="true" signature="tearDown()[pri:0, instance:tests.LoginTest@6a192cfe]" started-at="2025-09-03T23:35:10 IST" name="tearDown" finished-at="2025-09-03T23:35:10 IST" duration-ms="437" status="PASS">
          <reporter-output>
          </reporter-output>
        </test-method> <!-- tearDown -->
        <test-method is-config="true" signature="setUp()[pri:0, instance:tests.LoginTest@6a192cfe]" started-at="2025-09-03T23:35:10 IST" name="setUp" finished-at="2025-09-03T23:35:13 IST" duration-ms="2684" status="PASS">
          <reporter-output>
          </reporter-output>
        </test-method> <!-- setUp -->
        <test-method signature="testLoginWithCorrectCredentials()[pri:3, instance:tests.LoginTest@6a192cfe]" started-at="2025-09-03T23:35:13 IST" name="testLoginWithCorrectCredentials" finished-at="2025-09-03T23:35:17 IST" duration-ms="3943" status="PASS">
          <reporter-output>
          </reporter-output>
        </test-method> <!-- testLoginWithCorrectCredentials -->
        <test-method is-config="true" signature="tearDown()[pri:0, instance:tests.LoginTest@6a192cfe]" started-at="2025-09-03T23:35:17 IST" name="tearDown" finished-at="2025-09-03T23:35:17 IST" duration-ms="482" status="PASS">
          <reporter-output>
          </reporter-output>
        </test-method> <!-- tearDown -->
      </class> <!-- tests.LoginTest -->
      <class name="tests.CartTest">
        <test-method is-config="true" signature="setUp()[pri:0, instance:tests.CartTest@1ea9f6af]" started-at="2025-09-03T23:34:37 IST" name="setUp" finished-at="2025-09-03T23:34:49 IST" duration-ms="12121" status="PASS">
          <reporter-output>
          </reporter-output>
        </test-method> <!-- setUp -->
        <test-method signature="testAddProductToCart()[pri:0, instance:tests.CartTest@1ea9f6af]" started-at="2025-09-03T23:34:49 IST" name="testAddProductToCart" finished-at="2025-09-03T23:34:58 IST" duration-ms="9348" status="PASS">
          <reporter-output>
          </reporter-output>
        </test-method> <!-- testAddProductToCart -->
        <test-method is-config="true" signature="tearDown()[pri:0, instance:tests.CartTest@1ea9f6af]" started-at="2025-09-03T23:34:58 IST" name="tearDown" finished-at="2025-09-03T23:34:59 IST" duration-ms="616" status="PASS">
          <reporter-output>
          </reporter-output>
        </test-method> <!-- tearDown -->
      </class> <!-- tests.CartTest -->
      <class name="tests.RegistrationTest">
        <test-method is-config="true" signature="setUp()[pri:0, instance:tests.RegistrationTest@20deea7f]" started-at="2025-09-03T23:35:44 IST" name="setUp" finished-at="2025-09-03T23:35:47 IST" duration-ms="2891" status="PASS">
          <reporter-output>
          </reporter-output>
        </test-method> <!-- setUp -->
        <test-method signature="testRegistrationWithUniqueUser()[pri:1, instance:tests.RegistrationTest@20deea7f]" started-at="2025-09-03T23:35:47 IST" name="testRegistrationWithUniqueUser" finished-at="2025-09-03T23:35:50 IST" duration-ms="2909" status="PASS">
          <reporter-output>
          </reporter-output>
        </test-method> <!-- testRegistrationWithUniqueUser -->
        <test-method is-config="true" signature="tearDown()[pri:0, instance:tests.RegistrationTest@20deea7f]" started-at="2025-09-03T23:35:50 IST" name="tearDown" finished-at="2025-09-03T23:35:50 IST" duration-ms="419" status="PASS">
          <reporter-output>
          </reporter-output>
        </test-method> <!-- tearDown -->
        <test-method is-config="true" signature="setUp()[pri:0, instance:tests.RegistrationTest@20deea7f]" started-at="2025-09-03T23:35:50 IST" name="setUp" finished-at="2025-09-03T23:35:53 IST" duration-ms="3009" status="PASS">
          <reporter-output>
          </reporter-output>
        </test-method> <!-- setUp -->
        <test-method signature="testRegistrationWithExistingUser()[pri:2, instance:tests.RegistrationTest@20deea7f]" started-at="2025-09-03T23:35:53 IST" name="testRegistrationWithExistingUser" finished-at="2025-09-03T23:35:56 IST" duration-ms="2887" status="PASS">
          <reporter-output>
          </reporter-output>
        </test-method> <!-- testRegistrationWithExistingUser -->
        <test-method is-config="true" signature="tearDown()[pri:0, instance:tests.RegistrationTest@20deea7f]" started-at="2025-09-03T23:35:56 IST" name="tearDown" finished-at="2025-09-03T23:35:57 IST" duration-ms="650" status="PASS">
          <reporter-output>
          </reporter-output>
        </test-method> <!-- tearDown -->
      </class> <!-- tests.RegistrationTest -->
      <class name="tests.PurchaseTest">
        <test-method is-config="true" signature="setUp()[pri:0, instance:tests.PurchaseTest@7193666c]" started-at="2025-09-03T23:35:28 IST" name="setUp" finished-at="2025-09-03T23:35:31 IST" duration-ms="2789" status="PASS">
          <reporter-output>
          </reporter-output>
        </test-method> <!-- setUp -->
        <test-method signature="testSuccessfulPurchase()[pri:1, instance:tests.PurchaseTest@7193666c]" started-at="2025-09-03T23:35:31 IST" name="testSuccessfulPurchase" finished-at="2025-09-03T23:35:43 IST" duration-ms="12475" status="PASS">
          <reporter-output>
          </reporter-output>
        </test-method> <!-- testSuccessfulPurchase -->
        <test-method is-config="true" signature="tearDown()[pri:0, instance:tests.PurchaseTest@7193666c]" started-at="2025-09-03T23:35:43 IST" name="tearDown" finished-at="2025-09-03T23:35:44 IST" duration-ms="593" status="PASS">
          <reporter-output>
          </reporter-output>
        </test-method> <!-- tearDown -->
      </class> <!-- tests.PurchaseTest -->
      <class name="tests.LogoutTest">
        <test-method is-config="true" signature="setUp()[pri:0, instance:tests.LogoutTest@5119fb47]" started-at="2025-09-03T23:35:17 IST" name="setUp" finished-at="2025-09-03T23:35:20 IST" duration-ms="2854" status="PASS">
          <reporter-output>
          </reporter-output>
        </test-method> <!-- setUp -->
        <test-method signature="testSuccessfulLogout()[pri:1, instance:tests.LogoutTest@5119fb47]" started-at="2025-09-03T23:35:20 IST" name="testSuccessfulLogout" finished-at="2025-09-03T23:35:27 IST" duration-ms="7170" status="PASS">
          <reporter-output>
          </reporter-output>
        </test-method> <!-- testSuccessfulLogout -->
        <test-method is-config="true" signature="tearDown()[pri:0, instance:tests.LogoutTest@5119fb47]" started-at="2025-09-03T23:35:27 IST" name="tearDown" finished-at="2025-09-03T23:35:28 IST" duration-ms="438" status="PASS">
          <reporter-output>
          </reporter-output>
        </test-method> <!-- tearDown -->
      </class> <!-- tests.LogoutTest -->
    </test> <!-- Surefire test -->
  </suite> <!-- Surefire suite -->
</testng-results>
