<?xml version="1.0" encoding="UTF-8"?>
<testng-results ignored="0" total="1" passed="1" failed="0" skipped="0">
  <reporter-output>
  </reporter-output>
  <suite started-at="2025-09-03T23:04:25 IST" name="Default suite" finished-at="2025-09-03T23:04:43 IST" duration-ms="18294">
    <groups>
    </groups>
    <test started-at="2025-09-03T23:04:25 IST" name="Default test" finished-at="2025-09-03T23:04:43 IST" duration-ms="18294">
      <class name="tests.CartTest">
        <test-method is-config="true" signature="setUp()[pri:0, instance:tests.CartTest@b3ca52e]" started-at="2025-09-03T23:04:25 IST" name="setUp" finished-at="2025-09-03T23:04:34 IST" duration-ms="8581" status="PASS">
          <reporter-output>
          </reporter-output>
        </test-method> <!-- setUp -->
        <test-method signature="testAddProductToCart()[pri:1, instance:tests.CartTest@b3ca52e]" started-at="2025-09-03T23:04:34 IST" name="testAddProductToCart" finished-at="2025-09-03T23:04:43 IST" duration-ms="9106" status="PASS">
          <reporter-output>
          </reporter-output>
        </test-method> <!-- testAddProductToCart -->
        <test-method is-config="true" signature="tearDown()[pri:0, instance:tests.CartTest@b3ca52e]" started-at="2025-09-03T23:04:43 IST" name="tearDown" finished-at="2025-09-03T23:04:43 IST" duration-ms="490" status="PASS">
          <reporter-output>
          </reporter-output>
        </test-method> <!-- tearDown -->
      </class> <!-- tests.CartTest -->
    </test> <!-- Default test -->
  </suite> <!-- Default suite -->
</testng-results>
